\BOOKMARK [0][-]{section*.1}{Contents}{}% 1
\BOOKMARK [0][-]{section*.2}{List\040of\040tables}{}% 2
\BOOKMARK [0][-]{table.0.1}{List\040of\040abbreviations}{}% 3
\BOOKMARK [0][-]{chapter.1}{Introduction}{}% 4
\BOOKMARK [1][-]{section.1.1}{Introducing\040the\040title}{chapter.1}% 5
\BOOKMARK [1][-]{section.1.2}{The\040content\040of\040this\040dissertation}{chapter.1}% 6
\BOOKMARK [-1][-]{part.1}{The\040winner\040of\040the\040competition}{}% 7
\BOOKMARK [0][-]{chapter.2}{A\040reoccurring\040pattern}{part.1}% 8
\BOOKMARK [1][-]{section.2.1}{Case\040competition\040in\040Gothic\040headless\040relatives}{chapter.2}% 9
\BOOKMARK [1][-]{section.2.2}{Parallels\040in\040accessibility\040hierarchies}{chapter.2}% 10
\BOOKMARK [2][-]{subsection.2.2.1}{Agreement}{section.2.2}% 11
\BOOKMARK [2][-]{subsection.2.2.2}{Relativization}{section.2.2}% 12
\BOOKMARK [1][-]{section.2.3}{Case\040in\040morphology}{chapter.2}% 13
\BOOKMARK [2][-]{subsection.2.3.1}{Suppletion\040patterns}{section.2.3}% 14
\BOOKMARK [2][-]{subsection.2.3.2}{Syncretism\040patterns}{section.2.3}% 15
\BOOKMARK [2][-]{subsection.2.3.3}{Morphological\040containment}{section.2.3}% 16
\BOOKMARK [1][-]{section.2.4}{A\040side\040note\040on\040the\040genitive}{chapter.2}% 17
\BOOKMARK [0][-]{chapter.3}{Case\040decomposition\040meets\040ellipsis}{part.1}% 18
\BOOKMARK [1][-]{section.3.1}{Problem\040with\040previous\040analyses\040of\040headless\040relatives}{chapter.3}% 19
\BOOKMARK [1][-]{section.3.2}{Morphology}{chapter.3}% 20
\BOOKMARK [2][-]{subsection.3.2.1}{Case\040decomposition}{section.3.2}% 21
\BOOKMARK [2][-]{subsection.3.2.2}{Phrasal\040spellout}{section.3.2}% 22
\BOOKMARK [1][-]{section.3.3}{Ellipsis}{chapter.3}% 23
\BOOKMARK [1][-]{section.3.4}{Reflex\040of\040morphology\040in\040syntax}{chapter.3}% 24
\BOOKMARK [2][-]{subsection.3.4.1}{Morphology}{section.3.4}% 25
\BOOKMARK [2][-]{subsection.3.4.2}{Syntax}{section.3.4}% 26
\BOOKMARK [1][-]{section.3.5}{Similar\040analyses}{chapter.3}% 27
\BOOKMARK [-1][-]{part.2}{The\040competitors\040in\040the\040competition}{}% 28
\BOOKMARK [0][-]{chapter.4}{The\040variation}{part.2}% 29
\BOOKMARK [1][-]{section.4.1}{The\040different\040patterns}{chapter.4}% 30
\BOOKMARK [2][-]{subsection.4.1.1}{Both:\040Gothic}{section.4.1}% 31
\BOOKMARK [2][-]{subsection.4.1.2}{Only\040from\040external:\040Old\040High\040German}{section.4.1}% 32
\BOOKMARK [2][-]{subsection.4.1.3}{Only\040from\040internal:\040Modern\040German}{section.4.1}% 33
\BOOKMARK [2][-]{subsection.4.1.4}{None:\040Italian}{section.4.1}% 34
\BOOKMARK [1][-]{section.4.2}{Shape\040of\040relative\040pronoun}{chapter.4}% 35
\BOOKMARK [2][-]{subsection.4.2.1}{Gothic}{section.4.2}% 36
\BOOKMARK [2][-]{subsection.4.2.2}{Old\040High\040German}{section.4.2}% 37
\BOOKMARK [2][-]{subsection.4.2.3}{Modern\040German}{section.4.2}% 38
\BOOKMARK [2][-]{subsection.4.2.4}{Italian}{section.4.2}% 39
\BOOKMARK [1][-]{section.4.3}{Bringing\040this\040together}{chapter.4}% 40
\BOOKMARK [0][-]{chapter.5}{Connecting\040morphology\040and\040syntax}{part.2}% 41
\BOOKMARK [1][-]{section.5.1}{Background:\040relative\040clause\040theory}{chapter.5}% 42
\BOOKMARK [1][-]{section.5.2}{Analysis}{chapter.5}% 43
\BOOKMARK [2][-]{subsection.5.2.1}{Old\040High\040German}{section.5.2}% 44
\BOOKMARK [2][-]{subsection.5.2.2}{Modern\040German}{section.5.2}% 45
\BOOKMARK [2][-]{subsection.5.2.3}{Gothic}{section.5.2}% 46
\BOOKMARK [-1][-]{part.3}{Details}{}% 47
\BOOKMARK [0][-]{chapter.6}{Technical\040implementation}{part.3}% 48
\BOOKMARK [1][-]{section.6.1}{Background}{chapter.6}% 49
\BOOKMARK [1][-]{section.6.2}{Derivations}{chapter.6}% 50
\BOOKMARK [0][-]{chapter.7}{Conclusion}{part.3}% 51
\BOOKMARK [0][-]{table.7.1}{Primary\040texts}{part.3}% 52
\BOOKMARK [0][-]{section*.9}{Bibliography}{part.3}% 53
